[   15885ms] [ERROR] Manifest: Line: 1, column: 1, Syntax error. @ http://localhost:4444/site.webmanifest:0
[   25784ms] [ERROR] Manifest: Line: 1, column: 1, Syntax error. @ http://localhost:4444/site.webmanifest:0
[   33769ms] [ERROR] Manifest: Line: 1, column: 1, Syntax error. @ http://localhost:4444/site.webmanifest:0
[   35733ms] [ERROR] Failed to load resource: net::ERR_CONNECTION_REFUSED @ http://localhost:4096/global/config:0
[   35734ms] [ERROR] Failed to load resource: net::ERR_CONNECTION_REFUSED @ http://localhost:4096/provider:0
[   35734ms] [ERROR] Failed to load resource: net::ERR_CONNECTION_REFUSED @ http://localhost:4096/path:0
[   35734ms] [ERROR] Failed to load resource: net::ERR_CONNECTION_REFUSED @ http://localhost:4096/project:0
[   35734ms] [ERROR] Failed to load resource: net::ERR_CONNECTION_REFUSED @ http://localhost:4096/global/health:0
[   35734ms] [ERROR] Failed to load resource: net::ERR_CONNECTION_REFUSED @ http://localhost:4096/global/event:0
[   35735ms] [ERROR] [global-sdk] event stream error {url: http://localhost:4096, fetch: webview, error: TypeError: Failed to fetch
    at customFetch (http://localhost:4444/@fs/C:/Users/Farhan/Desktop/oc…} @ http://localhost:4444/src/context/server-sdk.tsx:123
[   38176ms] [ERROR] Failed to load resource: net::ERR_CONNECTION_REFUSED @ http://localhost:4096/global/health:0
[   38429ms] [ERROR] Failed to load resource: net::ERR_CONNECTION_REFUSED @ http://localhost:4096/global/config:0
[   38576ms] [ERROR] Failed to load resource: net::ERR_CONNECTION_REFUSED @ http://localhost:4096/provider:0
[   38577ms] [ERROR] Failed to load resource: net::ERR_CONNECTION_REFUSED @ http://localhost:4096/path:0
[   38577ms] [ERROR] Failed to load resource: net::ERR_CONNECTION_REFUSED @ http://localhost:4096/project:0
[   38577ms] [ERROR] Failed to load resource: net::ERR_CONNECTION_REFUSED @ http://localhost:4096/global/health:0
[   40726ms] [ERROR] Failed to load resource: net::ERR_CONNECTION_REFUSED @ http://localhost:4096/global/event:0
[   41074ms] [ERROR] Failed to load resource: net::ERR_CONNECTION_REFUSED @ http://localhost:4096/global/config:0
[   41783ms] [ERROR] Failed to load resource: net::ERR_CONNECTION_REFUSED @ http://localhost:4096/provider:0
[   41914ms] [ERROR] Failed to load resource: net::ERR_CONNECTION_REFUSED @ http://localhost:4096/path:0
[   41914ms] [ERROR] Failed to load resource: net::ERR_CONNECTION_REFUSED @ http://localhost:4096/project:0
[   44424ms] [ERROR] Failed to load resource: net::ERR_CONNECTION_REFUSED @ http://localhost:4096/global/config:0
[   44677ms] [ERROR] Failed to load resource: net::ERR_CONNECTION_REFUSED @ http://localhost:4096/provider:0
[   45131ms] [ERROR] Failed to load resource: net::ERR_CONNECTION_REFUSED @ http://localhost:4096/path:0
[   45251ms] [ERROR] Failed to load resource: net::ERR_CONNECTION_REFUSED @ http://localhost:4096/global/health:0
[   45574ms] [ERROR] Failed to load resource: net::ERR_CONNECTION_REFUSED @ http://localhost:4096/global/config:0
[   47267ms] [ERROR] Failed to load resource: net::ERR_CONNECTION_REFUSED @ http://localhost:4096/provider:0
[   47521ms] [ERROR] Failed to load resource: net::ERR_CONNECTION_REFUSED @ http://localhost:4096/global/health:0
[   47695ms] [ERROR] Failed to load resource: net::ERR_CONNECTION_REFUSED @ http://localhost:4096/path:0
[   47982ms] [ERROR] Failed to load resource: net::ERR_CONNECTION_REFUSED @ http://localhost:4096/global/config:0
[   48923ms] [ERROR] Failed to load resource: net::ERR_CONNECTION_REFUSED @ http://localhost:4096/global/health:0
[   49071ms] [ERROR] Failed to load resource: net::ERR_CONNECTION_REFUSED @ http://localhost:4096/provider:0
[   50071ms] [ERROR] Failed to load resource: net::ERR_CONNECTION_REFUSED @ http://localhost:4096/path:0
[   50605ms] [ERROR] Failed to load resource: net::ERR_CONNECTION_REFUSED @ http://localhost:4096/global/config:0
[   52329ms] [ERROR] Failed to load resource: net::ERR_CONNECTION_REFUSED @ http://localhost:4096/provider:0
[   53409ms] [ERROR] Failed to load resource: net::ERR_CONNECTION_REFUSED @ http://localhost:4096/global/config:0
[   53448ms] [ERROR] Failed to load resource: net::ERR_CONNECTION_REFUSED @ http://localhost:4096/path:0
[   54410ms] [ERROR] Failed to load resource: net::ERR_CONNECTION_REFUSED @ http://localhost:4096/provider:0
[   55177ms] [ERROR] Failed to load resource: net::ERR_CONNECTION_REFUSED @ http://localhost:4096/global/health:0
[   55573ms] [ERROR] Failed to load resource: net::ERR_CONNECTION_REFUSED @ http://localhost:4096/path:0
[   56292ms] [ERROR] Failed to load resource: net::ERR_CONNECTION_REFUSED @ http://localhost:4096/global/config:0
[   56746ms] [ERROR] Failed to load resource: net::ERR_CONNECTION_REFUSED @ http://localhost:4096/global/health:0
[   57614ms] [ERROR] Failed to load resource: net::ERR_CONNECTION_REFUSED @ http://localhost:4096/provider:0
[   57734ms] [ERROR] Failed to load resource: net::ERR_CONNECTION_REFUSED @ http://localhost:4096/path:0
[   58922ms] [ERROR] Failed to load resource: net::ERR_CONNECTION_REFUSED @ http://localhost:4096/global/health:0
[   62633ms] [ERROR] Failed to load resource: net::ERR_CONNECTION_REFUSED @ http://localhost:4096/global/config:0
[   62887ms] [ERROR] Failed to load resource: net::ERR_CONNECTION_REFUSED @ http://localhost:4096/global/event:0
[   62887ms] [ERROR] Failed to load resource: net::ERR_CONNECTION_REFUSED @ http://localhost:4096/provider:0
[   63957ms] [ERROR] Failed to load resource: net::ERR_CONNECTION_REFUSED @ http://localhost:4096/path:0
[   64075ms] [ERROR] Failed to load resource: net::ERR_CONNECTION_REFUSED @ http://localhost:4096/global/config:0
[   65477ms] [ERROR] Failed to load resource: net::ERR_CONNECTION_REFUSED @ http://localhost:4096/global/health:0
[   65586ms] [ERROR] Failed to load resource: net::ERR_CONNECTION_REFUSED @ http://localhost:4096/provider:0
[   65731ms] [ERROR] Failed to load resource: net::ERR_CONNECTION_REFUSED @ http://localhost:4096/path:0
[   66801ms] [ERROR] Failed to load resource: net::ERR_CONNECTION_REFUSED @ http://localhost:4096/global/config:0
[   67407ms] [ERROR] Failed to load resource: net::ERR_CONNECTION_REFUSED @ http://localhost:4096/global/health:0
[   67910ms] [ERROR] Failed to load resource: net::ERR_CONNECTION_REFUSED @ http://localhost:4096/global/event:0
[   68214ms] [ERROR] Failed to load resource: net::ERR_CONNECTION_REFUSED @ http://localhost:4096/provider:0
[   68915ms] [ERROR] Failed to load resource: net::ERR_CONNECTION_REFUSED @ http://localhost:4096/path:0
[   69068ms] [ERROR] Failed to load resource: net::ERR_CONNECTION_REFUSED @ http://localhost:4096/global/health:0
[   75589ms] [ERROR] Failed to load resource: net::ERR_CONNECTION_REFUSED @ http://localhost:4096/global/health:0
[   75834ms] [ERROR] Failed to load resource: net::ERR_CONNECTION_REFUSED @ http://localhost:4096/global/health:0
[   76262ms] [ERROR] Failed to load resource: net::ERR_CONNECTION_REFUSED @ http://localhost:4096/global/health:0
[   85564ms] [ERROR] Failed to load resource: net::ERR_CONNECTION_REFUSED @ http://localhost:4096/global/health:0
[   85818ms] [ERROR] Failed to load resource: net::ERR_CONNECTION_REFUSED @ http://localhost:4096/global/health:0
[   88029ms] [ERROR] Failed to load resource: net::ERR_CONNECTION_REFUSED @ http://localhost:4096/global/health:0
[   88361ms] [ERROR] Failed to load resource: net::ERR_CONNECTION_REFUSED @ http://localhost:4096/global/event:0
[   93711ms] [ERROR] Failed to load resource: net::ERR_CONNECTION_REFUSED @ http://localhost:4096/global/event:0
[   93949ms] [ERROR] Failed to load resource: net::ERR_CONNECTION_REFUSED @ http://localhost:4096/global/health:0
[   95573ms] [ERROR] Failed to load resource: net::ERR_CONNECTION_REFUSED @ http://localhost:4096/global/health:0
[   96395ms] [ERROR] Failed to load resource: net::ERR_CONNECTION_REFUSED @ http://localhost:4096/global/health:0
[  102062ms] [ERROR] Failed to load resource: net::ERR_CONNECTION_REFUSED @ http://localhost:4096/global/event:0
[  105582ms] [ERROR] Failed to load resource: net::ERR_CONNECTION_REFUSED @ http://localhost:4096/global/health:0
[  105854ms] [ERROR] Failed to load resource: net::ERR_CONNECTION_REFUSED @ http://localhost:4096/global/health:0
[  108019ms] [ERROR] Failed to load resource: net::ERR_CONNECTION_REFUSED @ http://localhost:4096/global/health:0
[  115578ms] [ERROR] Failed to load resource: net::ERR_CONNECTION_REFUSED @ http://localhost:4096/global/health:0
[  115849ms] [ERROR] Failed to load resource: net::ERR_CONNECTION_REFUSED @ http://localhost:4096/global/event:0
[  116673ms] [ERROR] Failed to load resource: net::ERR_CONNECTION_REFUSED @ http://localhost:4096/global/health:0
[  118013ms] [ERROR] Failed to load resource: net::ERR_CONNECTION_REFUSED @ http://localhost:4096/global/health:0
[  119217ms] [ERROR] Failed to load resource: net::ERR_CONNECTION_REFUSED @ http://localhost:4096/global/event:0
[  125591ms] [ERROR] Failed to load resource: net::ERR_CONNECTION_REFUSED @ http://localhost:4096/global/health:0
[  125843ms] [ERROR] Failed to load resource: net::ERR_CONNECTION_REFUSED @ http://localhost:4096/global/event:0
[  127549ms] [ERROR] Failed to load resource: net::ERR_CONNECTION_REFUSED @ http://localhost:4096/global/health:0
[  128041ms] [ERROR] Failed to load resource: net::ERR_CONNECTION_REFUSED @ http://localhost:4096/global/health:0
[  135572ms] [ERROR] Failed to load resource: net::ERR_CONNECTION_REFUSED @ http://localhost:4096/global/health:0
[  135826ms] [ERROR] Failed to load resource: net::ERR_CONNECTION_REFUSED @ http://localhost:4096/global/health:0
[  138010ms] [ERROR] Failed to load resource: net::ERR_CONNECTION_REFUSED @ http://localhost:4096/global/health:0
[  138361ms] [ERROR] Failed to load resource: net::ERR_CONNECTION_REFUSED @ http://localhost:4096/global/event:0
[  143719ms] [ERROR] Failed to load resource: net::ERR_CONNECTION_REFUSED @ http://localhost:4096/global/event:0
[  143957ms] [ERROR] Failed to load resource: net::ERR_CONNECTION_REFUSED @ http://localhost:4096/global/health:0
[  145575ms] [ERROR] Failed to load resource: net::ERR_CONNECTION_REFUSED @ http://localhost:4096/global/health:0
[  146397ms] [ERROR] Failed to load resource: net::ERR_CONNECTION_REFUSED @ http://localhost:4096/global/health:0
[  152055ms] [ERROR] Failed to load resource: net::ERR_CONNECTION_REFUSED @ http://localhost:4096/global/event:0
[  155602ms] [ERROR] Failed to load resource: net::ERR_CONNECTION_REFUSED @ http://localhost:4096/global/health:0
[  155825ms] [ERROR] Failed to load resource: net::ERR_CONNECTION_REFUSED @ http://localhost:4096/global/health:0
[  158049ms] [ERROR] Failed to load resource: net::ERR_CONNECTION_REFUSED @ http://localhost:4096/global/health:0
[  165599ms] [ERROR] Failed to load resource: net::ERR_CONNECTION_REFUSED @ http://localhost:4096/global/health:0
[  165847ms] [ERROR] Failed to load resource: net::ERR_CONNECTION_REFUSED @ http://localhost:4096/global/event:0
[  166657ms] [ERROR] Failed to load resource: net::ERR_CONNECTION_REFUSED @ http://localhost:4096/global/health:0
[  168032ms] [ERROR] Failed to load resource: net::ERR_CONNECTION_REFUSED @ http://localhost:4096/global/health:0
[  169197ms] [ERROR] Failed to load resource: net::ERR_CONNECTION_REFUSED @ http://localhost:4096/global/event:0
[  175603ms] [ERROR] Failed to load resource: net::ERR_CONNECTION_REFUSED @ http://localhost:4096/global/health:0
[  175826ms] [ERROR] Failed to load resource: net::ERR_CONNECTION_REFUSED @ http://localhost:4096/global/event:0
[  177549ms] [ERROR] Failed to load resource: net::ERR_CONNECTION_REFUSED @ http://localhost:4096/global/health:0
[  178043ms] [ERROR] Failed to load resource: net::ERR_CONNECTION_REFUSED @ http://localhost:4096/global/health:0
[  185573ms] [ERROR] Failed to load resource: net::ERR_CONNECTION_REFUSED @ http://localhost:4096/global/health:0
[  185836ms] [ERROR] Failed to load resource: net::ERR_CONNECTION_REFUSED @ http://localhost:4096/global/health:0
[  188018ms] [ERROR] Failed to load resource: net::ERR_CONNECTION_REFUSED @ http://localhost:4096/global/health:0
[  188383ms] [ERROR] Failed to load resource: net::ERR_CONNECTION_REFUSED @ http://localhost:4096/global/event:0
[  193716ms] [ERROR] Failed to load resource: net::ERR_CONNECTION_REFUSED @ http://localhost:4096/global/event:0
[  193981ms] [ERROR] Failed to load resource: net::ERR_CONNECTION_REFUSED @ http://localhost:4096/global/health:0
[  195580ms] [ERROR] Failed to load resource: net::ERR_CONNECTION_REFUSED @ http://localhost:4096/global/health:0
[  196417ms] [ERROR] Failed to load resource: net::ERR_CONNECTION_REFUSED @ http://localhost:4096/global/health:0
[  202052ms] [ERROR] Failed to load resource: net::ERR_CONNECTION_REFUSED @ http://localhost:4096/global/event:0
[  205574ms] [ERROR] Failed to load resource: net::ERR_CONNECTION_REFUSED @ http://localhost:4096/global/health:0
[  205828ms] [ERROR] Failed to load resource: net::ERR_CONNECTION_REFUSED @ http://localhost:4096/global/health:0
[  208011ms] [ERROR] Failed to load resource: net::ERR_CONNECTION_REFUSED @ http://localhost:4096/global/health:0
[  215589ms] [ERROR] Failed to load resource: net::ERR_CONNECTION_REFUSED @ http://localhost:4096/global/health:0
[  215843ms] [ERROR] Failed to load resource: net::ERR_CONNECTION_REFUSED @ http://localhost:4096/global/event:0
[  216648ms] [ERROR] Failed to load resource: net::ERR_CONNECTION_REFUSED @ http://localhost:4096/global/health:0
[  218026ms] [ERROR] Failed to load resource: net::ERR_CONNECTION_REFUSED @ http://localhost:4096/global/health:0
[  219180ms] [ERROR] Failed to load resource: net::ERR_CONNECTION_REFUSED @ http://localhost:4096/global/event:0
[  225571ms] [ERROR] Failed to load resource: net::ERR_CONNECTION_REFUSED @ http://localhost:4096/global/health:0
[  225837ms] [ERROR] Failed to load resource: net::ERR_CONNECTION_REFUSED @ http://localhost:4096/global/event:0
[  227516ms] [ERROR] Failed to load resource: net::ERR_CONNECTION_REFUSED @ http://localhost:4096/global/health:0
[  228020ms] [ERROR] Failed to load resource: net::ERR_CONNECTION_REFUSED @ http://localhost:4096/global/health:0
[  235579ms] [ERROR] Failed to load resource: net::ERR_CONNECTION_REFUSED @ http://localhost:4096/global/health:0
[  235833ms] [ERROR] Failed to load resource: net::ERR_CONNECTION_REFUSED @ http://localhost:4096/global/health:0
[  238048ms] [ERROR] Failed to load resource: net::ERR_CONNECTION_REFUSED @ http://localhost:4096/global/health:0
[  238377ms] [ERROR] Failed to load resource: net::ERR_CONNECTION_REFUSED @ http://localhost:4096/global/event:0
[  243738ms] [ERROR] Failed to load resource: net::ERR_CONNECTION_REFUSED @ http://localhost:4096/global/event:0
[  243976ms] [ERROR] Failed to load resource: net::ERR_CONNECTION_REFUSED @ http://localhost:4096/global/health:0
[  245572ms] [ERROR] Failed to load resource: net::ERR_CONNECTION_REFUSED @ http://localhost:4096/global/health:0
[  246425ms] [ERROR] Failed to load resource: net::ERR_CONNECTION_REFUSED @ http://localhost:4096/global/health:0
[  252071ms] [ERROR] Failed to load resource: net::ERR_CONNECTION_REFUSED @ http://localhost:4096/global/event:0
[  255596ms] [ERROR] Failed to load resource: net::ERR_CONNECTION_REFUSED @ http://localhost:4096/global/health:0
[  255834ms] [ERROR] Failed to load resource: net::ERR_CONNECTION_REFUSED @ http://localhost:4096/global/health:0
[  258032ms] [ERROR] Failed to load resource: net::ERR_CONNECTION_REFUSED @ http://localhost:4096/global/health:0
[  265577ms] [ERROR] Failed to load resource: net::ERR_CONNECTION_REFUSED @ http://localhost:4096/global/health:0
[  265863ms] [ERROR] Failed to load resource: net::ERR_CONNECTION_REFUSED @ http://localhost:4096/global/event:0
[  266676ms] [ERROR] Failed to load resource: net::ERR_CONNECTION_REFUSED @ http://localhost:4096/global/health:0
[  268028ms] [ERROR] Failed to load resource: net::ERR_CONNECTION_REFUSED @ http://localhost:4096/global/health:0
[  269246ms] [ERROR] Failed to load resource: net::ERR_CONNECTION_REFUSED @ http://localhost:4096/global/event:0
[  275623ms] [ERROR] Failed to load resource: net::ERR_CONNECTION_REFUSED @ http://localhost:4096/global/health:0
[  275830ms] [ERROR] Failed to load resource: net::ERR_CONNECTION_REFUSED @ http://localhost:4096/global/event:0
[  277582ms] [ERROR] Failed to load resource: net::ERR_CONNECTION_REFUSED @ http://localhost:4096/global/health:0
[  278074ms] [ERROR] Failed to load resource: net::ERR_CONNECTION_REFUSED @ http://localhost:4096/global/health:0
[  285584ms] [ERROR] Failed to load resource: net::ERR_CONNECTION_REFUSED @ http://localhost:4096/global/health:0
[  285839ms] [ERROR] Failed to load resource: net::ERR_CONNECTION_REFUSED @ http://localhost:4096/global/health:0
[  288020ms] [ERROR] Failed to load resource: net::ERR_CONNECTION_REFUSED @ http://localhost:4096/global/health:0
[  288369ms] [ERROR] Failed to load resource: net::ERR_CONNECTION_REFUSED @ http://localhost:4096/global/event:0
[  293729ms] [ERROR] Failed to load resource: net::ERR_CONNECTION_REFUSED @ http://localhost:4096/global/event:0
[  293968ms] [ERROR] Failed to load resource: net::ERR_CONNECTION_REFUSED @ http://localhost:4096/global/health:0
[  295568ms] [ERROR] Failed to load resource: net::ERR_CONNECTION_REFUSED @ http://localhost:4096/global/health:0
[  296422ms] [ERROR] Failed to load resource: net::ERR_CONNECTION_REFUSED @ http://localhost:4096/global/health:0
[  302078ms] [ERROR] Failed to load resource: net::ERR_CONNECTION_REFUSED @ http://localhost:4096/global/event:0
[  305592ms] [ERROR] Failed to load resource: net::ERR_CONNECTION_REFUSED @ http://localhost:4096/global/health:0
[  305848ms] [ERROR] Failed to load resource: net::ERR_CONNECTION_REFUSED @ http://localhost:4096/global/health:0
[  308041ms] [ERROR] Failed to load resource: net::ERR_CONNECTION_REFUSED @ http://localhost:4096/global/health:0
[  315572ms] [ERROR] Failed to load resource: net::ERR_CONNECTION_REFUSED @ http://localhost:4096/global/health:0
[  315826ms] [ERROR] Failed to load resource: net::ERR_CONNECTION_REFUSED @ http://localhost:4096/global/event:0
[  316694ms] [ERROR] Failed to load resource: net::ERR_CONNECTION_REFUSED @ http://localhost:4096/global/health:0
[  318026ms] [ERROR] Failed to load resource: net::ERR_CONNECTION_REFUSED @ http://localhost:4096/global/health:0
[  319228ms] [ERROR] Failed to load resource: net::ERR_CONNECTION_REFUSED @ http://localhost:4096/global/event:0
[  325582ms] [ERROR] Failed to load resource: net::ERR_CONNECTION_REFUSED @ http://localhost:4096/global/health:0
[  325837ms] [ERROR] Failed to load resource: net::ERR_CONNECTION_REFUSED @ http://localhost:4096/global/event:0
[  327575ms] [ERROR] Failed to load resource: net::ERR_CONNECTION_REFUSED @ http://localhost:4096/global/health:0
[  328020ms] [ERROR] Failed to load resource: net::ERR_CONNECTION_REFUSED @ http://localhost:4096/global/health:0
[  335566ms] [ERROR] Failed to load resource: net::ERR_CONNECTION_REFUSED @ http://localhost:4096/global/health:0
[  335831ms] [ERROR] Failed to load resource: net::ERR_CONNECTION_REFUSED @ http://localhost:4096/global/health:0
